2026-02-21 20:25:29,489 │ skyresq                             │ INFO     │ ═══════════════════════════════════════════
2026-02-21 20:25:29,497 │ skyresq                             │ INFO     │   Sky ResQ Dashboard — Backend Starting    
2026-02-21 20:25:29,505 │ skyresq                             │ INFO     │ ═══════════════════════════════════════════
2026-02-21 20:25:29,508 │ skyresq                             │ INFO     │ MAVLink target: COM3 @ 57600 baud
2026-02-21 20:25:34,071 │ skyresq.services.telemetry          │ INFO     │ Client connected. Total: 1
2026-02-21 20:42:01,668 │ skyresq.mavlink.connection          │ INFO     │ Connecting to MAVLink: COM3 @ 57600 baud
2026-02-21 20:42:01,792 │ skyresq.mavlink.connection          │ INFO     │ Waiting for heartbeat...
2026-02-21 20:42:02,811 │ skyresq.mavlink.connection          │ INFO     │ Connected! System 1, Component 0
2026-02-21 20:42:02,812 │ skyresq.mavlink.connection          │ INFO     │ Requested all data streams at 10 Hz
2026-02-21 20:42:02,812 │ skyresq.services.telemetry          │ INFO     │ Telemetry service started
2026-02-21 20:48:33,398 │ skyresq.services.telemetry          │ INFO     │ Client connected. Total: 2
2026-02-21 21:10:48,631 │ skyresq.services.telemetry          │ INFO     │ Client disconnected. Total: 1
2026-02-21 21:10:49,100 │ skyresq.services.telemetry          │ INFO     │ Client connected. Total: 2
2026-02-21 21:18:45,540 │ skyresq.services.telemetry          │ INFO     │ Telemetry service stopped
2026-02-21 21:18:45,543 │ skyresq.mavlink.connection          │ INFO     │ Disconnected from MAVLink
2026-02-21 21:18:51,549 │ skyresq.services.telemetry          │ INFO     │ Telemetry service stopped
2026-02-21 21:18:53,006 │ skyresq.services.telemetry          │ INFO     │ Client disconnected. Total: 1
2026-02-21 21:18:53,562 │ skyresq.services.telemetry          │ INFO     │ Client connected. Total: 2
2026-02-21 21:18:56,081 │ skyresq.mavlink.connection          │ INFO     │ Connecting to MAVLink: COM3 @ 57600 baud
2026-02-21 21:18:56,150 │ skyresq.mavlink.connection          │ INFO     │ Waiting for heartbeat...
2026-02-21 21:18:57,156 │ skyresq.mavlink.connection          │ INFO     │ Connected! System 1, Component 0
2026-02-21 21:18:57,158 │ skyresq.mavlink.connection          │ INFO     │ Requested all data streams at 10 Hz
2026-02-21 21:18:57,158 │ skyresq.services.telemetry          │ INFO     │ Telemetry service started
2026-02-21 21:19:04,654 │ skyresq.services.telemetry          │ INFO     │ Telemetry service stopped
2026-02-21 21:19:04,657 │ skyresq.mavlink.connection          │ INFO     │ Disconnected from MAVLink
2026-02-21 21:19:06,592 │ skyresq.services.telemetry          │ INFO     │ Client disconnected. Total: 1
2026-02-21 21:19:07,027 │ skyresq.services.telemetry          │ INFO     │ Client connected. Total: 2
2026-02-21 21:20:07,012 │ skyresq.mavlink.connection          │ INFO     │ Connecting to MAVLink: COM3 @ 57600 baud
2026-02-21 21:20:07,081 │ skyresq.mavlink.connection          │ INFO     │ Waiting for heartbeat...
2026-02-21 21:20:08,090 │ skyresq.mavlink.connection          │ INFO     │ Connected! System 1, Component 0
2026-02-21 21:20:08,091 │ skyresq.mavlink.connection          │ INFO     │ Requested all data streams at 10 Hz
2026-02-21 21:20:08,091 │ skyresq.services.telemetry          │ INFO     │ Telemetry service started
2026-02-21 21:33:36,729 │ skyresq.services.telemetry          │ INFO     │ Telemetry service stopped
2026-02-21 21:33:36,733 │ skyresq.mavlink.connection          │ INFO     │ Disconnected from MAVLink
2026-02-21 21:33:38,177 │ skyresq.services.telemetry          │ INFO     │ Client disconnected. Total: 1
2026-02-21 21:33:38,695 │ skyresq.services.telemetry          │ INFO     │ Client connected. Total: 2
2026-02-21 21:38:40,905 │ skyresq.mavlink.connection          │ INFO     │ Connecting to MAVLink: COM3 @ 57600 baud
2026-02-21 21:38:41,006 │ skyresq.mavlink.connection          │ INFO     │ Waiting for heartbeat...
2026-02-21 21:38:42,045 │ skyresq.mavlink.connection          │ INFO     │ Connected! System 1, Component 0
2026-02-21 21:38:42,048 │ skyresq.mavlink.connection          │ INFO     │ Requested all data streams at 10 Hz
2026-02-21 21:38:42,055 │ skyresq.services.telemetry          │ INFO     │ Telemetry service started
2026-02-21 21:39:15,630 │ skyresq.services.telemetry          │ INFO     │ Telemetry service stopped
2026-02-21 21:39:15,632 │ skyresq.mavlink.connection          │ INFO     │ Disconnected from MAVLink
2026-02-21 21:39:16,957 │ skyresq.services.telemetry          │ INFO     │ Client disconnected. Total: 1
2026-02-21 21:39:17,496 │ skyresq.services.telemetry          │ INFO     │ Client connected. Total: 2
2026-02-21 21:39:37,767 │ skyresq.mavlink.connection          │ INFO     │ Connecting to MAVLink: COM3 @ 57600 baud
2026-02-21 21:39:37,871 │ skyresq.mavlink.connection          │ INFO     │ Waiting for heartbeat...
2026-02-21 21:39:38,895 │ skyresq.mavlink.connection          │ INFO     │ Connected! System 1, Component 0
2026-02-21 21:39:38,896 │ skyresq.mavlink.connection          │ INFO     │ Requested all data streams at 10 Hz
2026-02-21 21:39:38,899 │ skyresq.services.telemetry          │ INFO     │ Telemetry service started
2026-02-21 21:47:02,056 │ skyresq.services.telemetry          │ INFO     │ Client disconnected. Total: 1
2026-02-21 21:47:02,605 │ skyresq.services.telemetry          │ INFO     │ Client connected. Total: 2
2026-02-21 21:47:10,271 │ skyresq.services.telemetry          │ INFO     │ Client disconnected. Total: 1
2026-02-21 21:47:10,773 │ skyresq.services.telemetry          │ INFO     │ Client connected. Total: 2
2026-02-21 21:55:19,067 │ skyresq.services.telemetry          │ INFO     │ Client disconnected. Total: 1
2026-02-21 21:55:19,601 │ skyresq.services.telemetry          │ INFO     │ Client connected. Total: 2
2026-02-21 21:55:26,516 │ skyresq.services.telemetry          │ INFO     │ Client disconnected. Total: 0
2026-02-21 21:55:26,517 │ skyresq.services.telemetry          │ INFO     │ Client disconnected. Total: 0
2026-02-21 21:55:26,980 │ asyncio                             │ ERROR    │ Task exception was never retrieved
future: <Task finished name='Task-94' coro=<RequestResponseCycle.run_asgi() done, defined at C:\Users\abdul\AppData\Roaming\Python\Python313\site-packages\uvicorn\protocols\http\httptools_impl.py:407> exception=KeyboardInterrupt()>
Traceback (most recent call last):
  File "C:\Python313\Lib\asyncio\runners.py", line 195, in run
  File "C:\Python313\Lib\asyncio\runners.py", line 118, in run
  File "C:\Python313\Lib\asyncio\base_events.py", line 706, in run_until_complete
  File "C:\Python313\Lib\asyncio\base_events.py", line 677, in run_forever
  File "C:\Python313\Lib\asyncio\base_events.py", line 2034, in _run_once
  File "C:\Python313\Lib\asyncio\events.py", line 89, in _run
  File "C:\Users\abdul\AppData\Roaming\Python\Python313\site-packages\uvicorn\server.py", line 69, in serve
  File "C:\Python313\Lib\contextlib.py", line 148, in __exit__
  File "C:\Users\abdul\AppData\Roaming\Python\Python313\site-packages\uvicorn\server.py", line 330, in capture_signals
  File "C:\Python313\Lib\asyncio\runners.py", line 157, in _on_sigint
KeyboardInterrupt

During handling of the above exception, another exception occurred:

Traceback (most recent call last):
  File "C:\Users\abdul\AppData\Roaming\Python\Python313\site-packages\uvicorn\protocols\http\httptools_impl.py", line 409, in run_asgi
    result = await app(  # type: ignore[func-returns-value]
             ^^^^^^^^^^^^^^^^^^^^^^^^^^^^^^^^^^^^^^^^^^^^^^
        self.scope, self.receive, self.send
        ^^^^^^^^^^^^^^^^^^^^^^^^^^^^^^^^^^^
    )
    ^
  File "C:\Users\abdul\AppData\Roaming\Python\Python313\site-packages\uvicorn\middleware\proxy_headers.py", line 60, in __call__
    return await self.app(scope, receive, send)
           ^^^^^^^^^^^^^^^^^^^^^^^^^^^^^^^^^^^^
  File "C:\Users\abdul\AppData\Roaming\Python\Python313\site-packages\fastapi\applications.py", line 1054, in __call__
    await super().__call__(scope, receive, send)
  File "C:\Users\abdul\AppData\Roaming\Python\Python313\site-packages\starlette\applications.py", line 113, in __call__
    await self.middleware_stack(scope, receive, send)
  File "C:\Users\abdul\AppData\Roaming\Python\Python313\site-packages\starlette\middleware\errors.py", line 165, in __call__
    await self.app(scope, receive, _send)
  File "C:\Users\abdul\AppData\Roaming\Python\Python313\site-packages\starlette\middleware\cors.py", line 93, in __call__
    await self.simple_response(scope, receive, send, request_headers=headers)
  File "C:\Users\abdul\AppData\Roaming\Python\Python313\site-packages\starlette\middleware\cors.py", line 144, in simple_response
    await self.app(scope, receive, send)
  File "C:\Users\abdul\AppData\Roaming\Python\Python313\site-packages\starlette\middleware\exceptions.py", line 62, in __call__
    await wrap_app_handling_exceptions(self.app, conn)(scope, receive, send)
  File "C:\Users\abdul\AppData\Roaming\Python\Python313\site-packages\starlette\_exception_handler.py", line 42, in wrapped_app
    await app(scope, receive, sender)
  File "C:\Users\abdul\AppData\Roaming\Python\Python313\site-packages\starlette\routing.py", line 715, in __call__
    await self.middleware_stack(scope, receive, send)
  File "C:\Users\abdul\AppData\Roaming\Python\Python313\site-packages\starlette\routing.py", line 735, in app
    await route.handle(scope, receive, send)
  File "C:\Users\abdul\AppData\Roaming\Python\Python313\site-packages\starlette\routing.py", line 288, in handle
    await self.app(scope, receive, send)
  File "C:\Users\abdul\AppData\Roaming\Python\Python313\site-packages\starlette\routing.py", line 76, in app
    await wrap_app_handling_exceptions(app, request)(scope, receive, send)
  File "C:\Users\abdul\AppData\Roaming\Python\Python313\site-packages\starlette\_exception_handler.py", line 42, in wrapped_app
    await app(scope, receive, sender)
  File "C:\Users\abdul\AppData\Roaming\Python\Python313\site-packages\starlette\routing.py", line 73, in app
    response = await f(request)
               ^^^^^^^^^^^^^^^^
  File "C:\Users\abdul\AppData\Roaming\Python\Python313\site-packages\fastapi\routing.py", line 301, in app
    raw_response = await run_endpoint_function(
                   ^^^^^^^^^^^^^^^^^^^^^^^^^^^^
    ...<3 lines>...
    )
    ^
  File "C:\Users\abdul\AppData\Roaming\Python\Python313\site-packages\fastapi\routing.py", line 212, in run_endpoint_function
    return await dependant.call(**values)
           ^^^^^^^^^^^^^^^^^^^^^^^^^^^^^^
  File "D:\work\react\sky-resq-dashboard\backend\routers\commands.py", line 32, in connect_drone
  File "D:\work\react\sky-resq-dashboard\backend\mavlink\connection.py", line 56, in connect
  File "D:\work\react\sky-resq-dashboard\backend\mavlink\connection.py", line 105, in disconnect
  File "C:\Python313\Lib\asyncio\locks.py", line 14, in __aenter__
  File "C:\Python313\Lib\asyncio\locks.py", line 110, in acquire
asyncio.exceptions.CancelledError

During handling of the above exception, another exception occurred:

Traceback (most recent call last):
  File "C:\Users\abdul\AppData\Roaming\Python\Python313\site-packages\uvicorn\_subprocess.py", line 80, in subprocess_started
  File "C:\Users\abdul\AppData\Roaming\Python\Python313\site-packages\uvicorn\server.py", line 66, in run
  File "C:\Python313\Lib\asyncio\runners.py", line 194, in run
  File "C:\Python313\Lib\asyncio\runners.py", line 62, in __exit__
  File "C:\Python313\Lib\asyncio\runners.py", line 70, in close
  File "C:\Python313\Lib\asyncio\runners.py", line 206, in _cancel_all_tasks
  File "C:\Python313\Lib\asyncio\base_events.py", line 706, in run_until_complete
  File "C:\Python313\Lib\asyncio\base_events.py", line 677, in run_forever
  File "C:\Python313\Lib\asyncio\base_events.py", line 2034, in _run_once
  File "C:\Python313\Lib\asyncio\events.py", line 89, in _run
  File "C:\Users\abdul\AppData\Roaming\Python\Python313\site-packages\uvicorn\protocols\http\httptools_impl.py", line 414, in run_asgi
    self.logger.error(msg, exc_info=exc)
  File "C:\Python313\Lib\logging\__init__.py", line 1548, in error
  File "C:\Python313\Lib\logging\__init__.py", line 1664, in _log
  File "C:\Python313\Lib\logging\__init__.py", line 1680, in handle
  File "C:\Python313\Lib\logging\__init__.py", line 1736, in callHandlers
  File "C:\Python313\Lib\logging\__init__.py", line 1026, in handle
  File "C:\Python313\Lib\logging\__init__.py", line 1150, in emit
  File "C:\Python313\Lib\logging\__init__.py", line 998, in format
  File "C:\Python313\Lib\logging\__init__.py", line 719, in format
  File "C:\Python313\Lib\logging\__init__.py", line 669, in formatException
  File "C:\Python313\Lib\traceback.py", line 129, in print_exception
  File "C:\Python313\Lib\traceback.py", line 1052, in __init__
  File "C:\Python313\Lib\traceback.py", line 500, in _extract_from_extended_frame_gen
  File "C:\Python313\Lib\traceback.py", line 373, in line
  File "C:\Python313\Lib\traceback.py", line 351, in _set_lines
  File "C:\Python313\Lib\linecache.py", line 26, in getline
  File "C:\Python313\Lib\linecache.py", line 42, in getlines
  File "C:\Python313\Lib\linecache.py", line 171, in updatecache
  File "C:\Python313\Lib\tokenize.py", line 455, in open
KeyboardInterrupt
2026-02-21 21:55:26,983 │ asyncio                             │ ERROR    │ Task was destroyed but it is pending!
task: <Task cancelling name='Task-2' coro=<LifespanOn.main() running at C:\Users\abdul\AppData\Roaming\Python\Python313\site-packages\uvicorn\lifespan\on.py:86> wait_for=<Future cancelled> cb=[gather.<locals>._done_callback() at C:\Python313\Lib\asyncio\tasks.py:820]>
